make all --print-data-base --no-builtin-variables --no-builtin-rules --question
# GNU Make 4.2.1
# Built for x86_64-pc-linux-gnu
# Copyright (C) 1988-2016 Free Software Foundation, Inc.
# License GPLv3+: GNU GPL version 3 or later <http://gnu.org/licenses/gpl.html>
# This is free software: you are free to change and redistribute it.
# There is NO WARRANTY, to the extent permitted by law.

# Make data base, printed on Fri Aug  5 17:44:30 2022

# Variables

# automatic
<D = $(patsubst %/,%,$(dir $<))
# automatic
?F = $(notdir $?)
# environment
DESKTOP_SESSION = ubuntu
# default
.SHELLFLAGS := -c
# environment
XDG_SESSION_CLASS = user
# environment
SNAP_COMMON = /var/snap/code/common
# environment
XDG_SESSION_TYPE = x11
# environment
NVM_INC = /home/carlos.amaral@db1.com.br/.nvm/versions/node/v16.16.0/include/node
# automatic
?D = $(patsubst %/,%,$(dir $?))
# environment
IM_CONFIG_PHASE = 1
# automatic
@D = $(patsubst %/,%,$(dir $@))
# environment
XAUTHORITY = /home/carlos.amaral@db1.com.br/.Xauthority
# environment
GDMSESSION = ubuntu
# environment
XMODIFIERS = @im=ibus
# makefile
CURDIR := /home/carlos.amaral@db1.com.br/Documents/github/personal/golang-challenge/backend
# makefile
SHELL = /bin/sh
# environment
MKCERT_CLi = /home/carlos.amaral@db1.com.br/.local/mkcert-cli
# environment
SNAP_DATA = /var/snap/code/102
# environment
GDM_LANG = en
# environment
VSCODE_NLS_CONFIG = {"locale":"en-us","availableLanguages":{},"_languagePackSupport":true}
# environment
JOURNAL_STREAM = 9:85005
# environment
XDG_CONFIG_DIRS = /etc/xdg/xdg-ubuntu:/etc/xdg
# environment
SNAP_INSTANCE_NAME = code
# environment
SNAP_ARCH = amd64
# environment
GVM_ROOT = /home/carlos.amaral@db1.com.br/.gvm
# makefile (from 'Makefile', line 1)
MAKEFILE_LIST :=  Makefile
# automatic
@F = $(notdir $@)
# environment
GIO_LAUNCHED_DESKTOP_FILE = /var/lib/snapd/desktop/applications/code_code.desktop
# 'override' directive
GNUMAKEFLAGS := 
# environment
XDG_DATA_DIRS = /usr/share/ubuntu:/usr/local/share:/usr/share:/var/lib/snapd/desktop
# environment
DBUS_SESSION_BUS_ADDRESS = unix:path=/run/user/680677324/bus
# environment
_ = /snap/code/102/usr/share/code/code
# environment
MANAGERPID = 6535
# environment
GVM_PATH_BACKUP = /home/carlos.amaral@db1.com.br/.gvm/bin:/home/carlos.amaral@db1.com.br/.local/bin:/usr/local/sbin:/usr/local/bin:/usr/sbin:/usr/bin:/sbin:/bin:/usr/games:/usr/local/games:/snap/bin:/home/carlos.amaral@db1.com.br/.local/bin:/home/carlos.amaral@db1.com.br/.local/aws-cli/v2/2.5.6/bin:/home/carlos.amaral@db1.com.br/.local/protoc-gen-go-cli:/home/carlos.amaral@db1.com.br/.local/mkcert-cli:/home/carlos.amaral@db1.com.br/.local/google-cloud-sdk/bin:
# environment
LESSOPEN = | /usr/bin/lesspipe %s
# environment
VSCODE_CWD = /home/carlos.amaral@db1.com.br
# environment
GOPROXY = https://proxy.golang.org,direct
# environment
XDG_SESSION_PATH = /org/freedesktop/DisplayManager/Session0
# environment
GSETTINGS_SCHEMA_DIR = /snap/code/102/usr/share/glib-2.0/schemas
# environment
KRB5CCNAME = FILE:/tmp/krb5cc_680677324_TvylWP
# default
MAKE_HOST := x86_64-pc-linux-gnu
# environment
PATH = /home/carlos.amaral@db1.com.br/.local/bin:/home/carlos.amaral@db1.com.br/.nvm/versions/node/v16.16.0/bin:/home/carlos.amaral@db1.com.br/.gvm/bin:/home/carlos.amaral@db1.com.br/.local/bin:/usr/local/sbin:/usr/local/bin:/usr/sbin:/usr/bin:/sbin:/bin:/usr/games:/usr/local/games:/snap/bin:/home/carlos.amaral@db1.com.br/.local/bin:/home/carlos.amaral@db1.com.br/.local/aws-cli/v2/2.5.6/bin:/home/carlos.amaral@db1.com.br/.local/protoc-gen-go-cli:/home/carlos.amaral@db1.com.br/.local/mkcert-cli:/home/carlos.amaral@db1.com.br/.local/google-cloud-sdk/bin:
# environment
GPG_AGENT_INFO = /run/user/680677324/gnupg/S.gpg-agent:0:1
# environment
SESSION_MANAGER = local/MGA10456.db1.com.br:@/tmp/.ICE-unix/6736,unix/MGA10456.db1.com.br:/tmp/.ICE-unix/6736
# environment
XDG_RUNTIME_DIR = /run/user/680677324
# environment
GDK_PIXBUF_MODULE_FILE = /home/carlos.amaral@db1.com.br/snap/code/common/.cache/gdk-pixbuf-loaders.cache
# environment
SNAP = /snap/code/102
# environment
GOPATH = /home/carlos.amaral@db1.com.br/go
# environment
NVM_BIN = /home/carlos.amaral@db1.com.br/.nvm/versions/node/v16.16.0/bin
# environment
SNAP_VERSION = 3b889b09
# environment
XDG_MENU_PREFIX = gnome-
# environment
DISABLE_WAYLAND = 1
# environment
ELECTRON_RUN_AS_NODE = 1
# environment
INVOCATION_ID = 09226612e8ad4e72ba529c56812afdf6
# environment
GDK_PIXBUF_MODULEDIR = /snap/code/102/usr/lib/x86_64-linux-gnu/gdk-pixbuf-2.0/2.10.0/loaders
# default
.FEATURES := target-specific order-only second-expansion else-if shortest-stem undefine oneshell archives jobserver output-sync check-symlink load
# environment
XDG_GREETER_DATA_DIR = /var/lib/lightdm-data/carlos.amaral
# environment
LS_COLORS = 
# environment
XDG_SESSION_DESKTOP = ubuntu
# environment
SSH_AUTH_SOCK = /run/user/680677324/keyring/ssh
# environment
GIO_LAUNCHED_DESKTOP_FILE_PID = 1340611
# automatic
%F = $(notdir $%)
# environment
DISPLAY = :0
# environment
GCLOUD = /home/carlos.amaral@db1.com.br/.local/google-cloud-sdk/bin
# environment
SNAP_INSTANCE_KEY = 
# environment
PWD = /home/carlos.amaral@db1.com.br/Documents/github/personal/golang-challenge/backend
# default
.LOADED := 
# environment
SSH_AGENT_PID = 6693
# environment
ORIGINAL_XDG_CURRENT_DESKTOP = ubuntu:GNOME
# environment
GTK_MODULES = gail:atk-bridge
# environment
MANPATH = /home/carlos.amaral@db1.com.br/.nvm/versions/node/v16.16.0/share/man:/usr/local/man:/usr/local/share/man:/usr/share/man:/opt/rudder/share/man:/opt/rudder/share/man
# environment
VSCODE_AMD_ENTRYPOINT = vs/workbench/api/node/extensionHostProcess
# environment
HOME = /home/carlos.amaral@db1.com.br
# environment
LESSCLOSE = /usr/bin/lesspipe %s %s
# environment
VSCODE_CLI = 1
# environment
VSCODE_CODE_CACHE_PATH = /home/carlos.amaral@db1.com.br/.config/Code/CachedData/3b889b090b5ad5793f524b5d1d39fda662b96a2a
# environment
LOGNAME = carlos.amaral
# environment
APPLICATION_INSIGHTS_NO_DIAGNOSTIC_CHANNEL = true
# environment
SNAP_LIBRARY_PATH = /var/lib/snapd/lib/gl:/var/lib/snapd/lib/gl32:/var/lib/snapd/void
# environment
SNAP_CONTEXT = PAs1rriXe4xpxTojqNnqVarwsmNgRBj88CjAjK52ZEsEOoV9tA3x
# environment
NVM_CD_FLAGS = 
# environment
ELECTRON_NO_ATTACH_CONSOLE = 1
# environment
SNAP_USER_COMMON = /home/carlos.amaral@db1.com.br/snap/code/common
# environment
VSCODE_HANDLES_UNCAUGHT_ERRORS = true
# environment
GNOME_DESKTOP_SESSION_ID = this-is-deprecated
# automatic
^D = $(patsubst %/,%,$(dir $^))
# environment
GVM_VERSION = 1.0.22
# environment
MAKELEVEL := 0
# environment
SNAP_REAL_HOME = /home/carlos.amaral@db1.com.br
# default
MAKE = $(MAKE_COMMAND)
# default
MAKECMDGOALS := all
# environment
QT_IM_MODULE = ibus
# environment
SNAP_USER_DATA = /home/carlos.amaral@db1.com.br/snap/code/102
# environment
SHLVL = 0
# environment
GNOME_SHELL_SESSION_MODE = ubuntu
# default
MAKE_VERSION := 4.2.1
# environment
USER = carlos.amaral
# environment
SNAP_REVISION = 102
# makefile
.DEFAULT_GOAL := create
# environment
AWS_CLI = /home/carlos.amaral@db1.com.br/.local/aws-cli/v2/2.5.6/bin
# environment
PATH_BIN = /home/carlos.amaral@db1.com.br/.local/bin
# environment
XDG_CURRENT_DESKTOP = Unity
# automatic
%D = $(patsubst %/,%,$(dir $%))
# environment
AVENUE_CLI = /home/carlos.amaral@db1.com.br/.local/aws-cli/
# default
MAKE_COMMAND := make
# default
.VARIABLES := 
# automatic
*F = $(notdir $*)
# environment
LANGUAGE = en
# environment
XDG_SEAT_PATH = /org/freedesktop/DisplayManager/Seat0
# environment
VSCODE_IPC_HOOK = /run/user/680677324/vscode-6dbe3c7d-1.69.2-main.sock
# environment
BAMF_DESKTOP_FILE_HINT = /var/lib/snapd/desktop/applications/code_code.desktop
# makefile
MAKEFLAGS = pqrR
# environment
MFLAGS = -pqrR
# automatic
*D = $(patsubst %/,%,$(dir $*))
# environment
NVM_DIR = /home/carlos.amaral@db1.com.br/.nvm
# automatic
+D = $(patsubst %/,%,$(dir $+))
# environment
GDK_BACKEND = x11
# automatic
+F = $(notdir $+)
# environment
QT_ACCESSIBILITY = 1
# default
MAKEFILES := 
# environment
SNAP_COOKIE = PAs1rriXe4xpxTojqNnqVarwsmNgRBj88CjAjK52ZEsEOoV9tA3x
# automatic
<F = $(notdir $<)
# environment
SNAP_NAME = code
# environment
LC_ALL = C
# environment
GJS_DEBUG_TOPICS = JS ERROR;JS LOG
# automatic
^F = $(notdir $^)
# default
SUFFIXES := 
# environment
SNAP_REEXEC = 
# environment
CHROME_DESKTOP = code-url-handler.desktop
# default
.INCLUDE_DIRS = /usr/include /usr/local/include /usr/include
# environment
GJS_DEBUG_OUTPUT = stderr
# default
.RECIPEPREFIX := 
# environment
PROTOC_GEN_GO_CLI = /home/carlos.amaral@db1.com.br/.local/protoc-gen-go-cli
# environment
LANG = C
# environment
 
make: *** No rule to make target 'all'.  Stop.

VSCODE_PID = 1340664
# variable set hash-table stats:
# Load=135/1024=13%, Rehash=0, Collisions=13/160=8%

# Pattern-specific Variable Values

# No pattern-specific variable values.

# Directories

# . (device 64768, inode 3159985): 9 files, no impossibilities.

# 9 files, no impossibilities in 1 directories.

# Implicit Rules

# No implicit rules.

# Files

# Not a target:
all:
#  Command line target.
#  Implicit rule search has been done.
#  File does not exist.
#  File has not been updated.

# Not a target:
Makefile:
#  Implicit rule search has been done.
#  Last modified 2022-08-05 16:04:56.432027381
#  File has been updated.
#  Successfully updated.

create:
#  Implicit rule search has not been done.
#  Modification time never checked.
#  File has not been updated.
#  recipe to execute (from 'Makefile', line 2):
	protoc --proto_path=proto proto/*.proto --go_out=gen/
	protoc --proto_path=proto proto/*.proto --go-grpc_out=gen/

run_client:
#  Implicit rule search has not been done.
#  Modification time never checked.
#  File has not been updated.
#  recipe to execute (from 'Makefile', line 13):
	go mod tidy
	go run client/client.go

# Not a target:
.DEFAULT:
#  Implicit rule search has not been done.
#  Modification time never checked.
#  File has not been updated.

run_server:
#  Implicit rule search has not been done.
#  Modification time never checked.
#  File has not been updated.
#  recipe to execute (from 'Makefile', line 9):
	go mod tidy
	go run server/server.go

clean:
#  Implicit rule search has not been done.
#  Modification time never checked.
#  File has not been updated.
#  recipe to execute (from 'Makefile', line 6):
	rm gen/proto/*.go

# files hash-table stats:
# Load=8/1024=1%, Rehash=0, Collisions=0/18=0%
# VPATH Search Paths

# No 'vpath' search paths.

# No general ('VPATH' variable) search path.

# strcache buffers: 1 (0) / strings = 18 / storage = 143 B / avg = 7 B
# current buf: size = 8162 B / used = 143 B / count = 18 / avg = 7 B

# strcache performance: lookups = 26 / hit rate = 30%
# hash-table stats:
# Load=18/8192=0%, Rehash=0, Collisions=1/26=4%
# Finished Make data base on Fri Aug  5 17:44:30 2022

 
